fly launch --ha=false
Scanning source code
Detected an Axum app
Creating app in /Users/nskaria/projects/dynamic_catalogs
We're about to launch your Axum app on Fly.io. Here's what you're getting:

Organization: Neil Joseph Skaria     (fly launch defaults to the personal org)
Name:         dynamic-catalogs       (derived from your directory name)
Region:       Dallas, Texas (US)     (this is the fastest region for you)
App Machines: shared-cpu-1x, 1GB RAM (most apps need about 1GB of RAM)
Postgres:     <none>                 (not requested)
Redis:        <none>                 (not requested)
Tigris:       <none>                 (not requested)

? Do you want to tweak these settings before proceeding? Yes
Opening https://fly.io/cli/launch/6c75726b63746735626f6768643336667932663661686b646364686e37783761 ...

Waiting for launch data... Done
Created app 'dynamic-catalogs' in organization 'personal'
Admin URL: https://fly.io/apps/dynamic-catalogs
Hostname: dynamic-catalogs.fly.dev
Creating postgres cluster in organization personal
Creating app...
Setting secrets on app dynamic-catalogs-postgres...
Provisioning 1 of 1 machines with image flyio/postgres-flex:16.4@sha256:f107dbfaa732063b31ee94aa728c4f5648a672259fd62bfaa245f9b7a53b5479
Waiting for machine to start...
Machine 2871495b16de48 is created
==> Monitoring health checks
  Waiting for 2871495b16de48 to become healthy (started, 3/3)

Postgres cluster dynamic-catalogs-postgres created
  Username:    postgres
  Password:    BPRy78tQ2YeEwQa
  Hostname:    dynamic-catalogs-postgres.internal
  Flycast:     fdaa:a:ae07:0:1::4
  Proxy port:  5432
  Postgres port:  5433
  Connection string: postgres://postgres:BPRy78tQ2YeEwQa@dynamic-catalogs-postgres.flycast:5432

Save your credentials in a secure place -- you won't be able to see them again!

Connect to postgres
Any app within the Neil Joseph Skaria organization can connect to this Postgres using the above connection string

Now that you've set up Postgres, here's what you need to understand: https://fly.io/docs/postgres/getting-started/what-you-should-know/
Checking for existing attachments
Registering attachment
Creating database
Creating user

Postgres cluster dynamic-catalogs-postgres is now attached to dynamic-catalogs
The following secret was added to dynamic-catalogs:
  DATABASE_URL=postgres://dynamic_catalogs:ioUmZLD13NQA4c2@dynamic-catalogs-postgres.flycast:5432/dynamic_catalogs?sslmode=disable
Postgres cluster dynamic-catalogs-postgres is now attached to dynamic-catalogs
Error creating Tigris object storage: input:3: createAddOn Validation failed: Name has already been taken

Wrote config file fly.toml
Validating /Users/nskaria/projects/dynamic_catalogs/fly.toml
✓ Configuration is valid
==> Building image
==> Building image with Depot
--> build:  (​)
[+] Building 53.8s (17/17) FINISHED
 => [internal] load build definition from Dockerfile                               0.1s
 => => transferring dockerfile: 672B                                               0.1s
 => [internal] load metadata for docker.io/library/debian:bookworm-slim            0.4s
 => [internal] load metadata for docker.io/lukemathwalker/cargo-chef:latest-rust-  0.4s
 => [internal] load .dockerignore                                                  0.1s
 => => transferring context: 55B                                                   0.1s
 => [runtime 1/3] FROM docker.io/library/debian:bookworm-slim@sha256:36e591f228bb  0.0s
 => => resolve docker.io/library/debian:bookworm-slim@sha256:36e591f228bb9b99348f  0.0s
 => [internal] load build context                                                 23.5s
 => => transferring context: 852.67MB                                             23.4s
 => [chef 1/2] FROM docker.io/lukemathwalker/cargo-chef:latest-rust-1@sha256:9c32  0.0s
 => => resolve docker.io/lukemathwalker/cargo-chef:latest-rust-1@sha256:9c3228316  0.0s
 => CACHED [chef 2/2] WORKDIR /app                                                 0.0s
 => [planner 1/2] COPY . .                                                         2.4s
 => [planner 2/2] RUN cargo chef prepare --recipe-path recipe.json                 0.7s
 => [builder 1/4] COPY --from=planner /app/recipe.json recipe.json                 0.0s
 => [builder 2/4] RUN cargo chef cook --release --recipe-path recipe.json         15.8s
 => [builder 3/4] COPY . .                                                         2.1s
 => [builder 4/4] RUN cargo build --release --bin dynamic_catalogs                 2.3s
 => CACHED [runtime 2/3] WORKDIR /app                                              0.0s
 => [runtime 3/3] COPY --from=builder /app/target/release/dynamic_catalogs /usr/l  0.0s
 => exporting to image                                                             6.2s
 => => exporting layers                                                            0.0s
 => => exporting manifest sha256:f87e3f108b4b00d1ec243a53d9c9cdf76d4ad7fbb4d336c1  0.0s
 => => exporting config sha256:5a729fcb02508f832a5bc3e80a552afa23fdec5ae8be18b3c1  0.0s
 => => pushing layers for registry.fly.io/dynamic-catalogs:deployment-01JAP4QV1JC  5.4s
 => => pushing layer sha256:0b7ff121f5dcb8b057acdbda128ef3104624894cc491649dfa25d  2.7s
 => => pushing layer sha256:1ff90054dd90a89b8d6705dc6179d124daa2bd78d7005f31bed4f  2.0s
 => => pushing layer sha256:5a729fcb02508f832a5bc3e80a552afa23fdec5ae8be18b3c1288  2.2s
 => => pushing layer sha256:a480a496ba95a197d587aa1d9e0f545ca7dbd40495a4715342228  5.4s
 => => pushing manifest for registry.fly.io/dynamic-catalogs:deployment-01JAP4QV1  0.8s
--> Build Summary:  (​)
--> Building image done
image: registry.fly.io/dynamic-catalogs:deployment-01JAP4QV1JC02ZDPV3MQYVFFJ8
image size: 30 MB

Watch your deployment at https://fly.io/apps/dynamic-catalogs/monitoring

Provisioning ips for dynamic-catalogs
  Dedicated ipv6: 2a09:8280:1::4b:de81:0
  Shared ipv4: 66.241.124.64
  Add a dedicated ipv4 with: fly ips allocate-v4

This deployment will:
 * create 1 "app" machine

No machines in group app, launching a new machine

WARNING The app is not listening on the expected address and will not be reachable by fly-proxy.ne 0801e06b019dd8 [app] update finished: success
You can fix this by configuring your app to listen on the following addresses:
  - 0.0.0.0:8080
Found these processes inside the machine with open listening sockets:
  PROCESS                         | ADDRESSES
----------------------------------*--------------------------------------
  /usr/local/bin/dynamic_catalogs | 127.0.0.1:3000
  /.fly/hallpass                  | [fdaa:a:ae07:a7b:69:35ce:6bf9:2]:22

Finished launching new machines

NOTE: The machines for [app] have services with 'auto_stop_machines = "stop"' that will be stopped when idling

-------
Checking DNS configuration for dynamic-catalogs.fly.dev

Visit your newly deployed app at https://dynamic-catalogs.fly.dev/
